<?xml version="1.0" encoding="UTF-8"?>
<coverage generated="1714680066275" clover="3.2.0">
  <project timestamp="1714680066275" name="All files">
    <metrics statements="37" coveredstatements="36" conditionals="18" coveredconditionals="17" methods="7" coveredmethods="7" elements="62" coveredelements="60" complexity="0" loc="37" ncloc="37" packages="1" files="5" classes="5"/>
    <file name="getCellState.ts" path="C:\Users\Сергей\Desktop\учеба\JS\hw20_game_life2\src\getCellState.ts">
      <metrics statements="7" coveredstatements="7" conditionals="4" coveredconditionals="4" methods="1" coveredmethods="1"/>
      <line num="12" count="444" type="stmt"/>
      <line num="13" count="444" type="cond" truecount="2" falsecount="0"/>
      <line num="14" count="160" type="stmt"/>
      <line num="16" count="284" type="stmt"/>
      <line num="17" count="284" type="cond" truecount="2" falsecount="0"/>
      <line num="18" count="102" type="stmt"/>
      <line num="20" count="182" type="stmt"/>
    </file>
    <file name="getNewCellState.ts" path="C:\Users\Сергей\Desktop\учеба\JS\hw20_game_life2\src\getNewCellState.ts">
      <metrics statements="7" coveredstatements="7" conditionals="10" coveredconditionals="10" methods="1" coveredmethods="1"/>
      <line num="2" count="44" type="cond" truecount="2" falsecount="0"/>
      <line num="3" count="11" type="stmt"/>
      <line num="5" count="33" type="cond" truecount="4" falsecount="0"/>
      <line num="6" count="28" type="stmt"/>
      <line num="8" count="5" type="cond" truecount="4" falsecount="0"/>
      <line num="9" count="4" type="stmt"/>
      <line num="11" count="1" type="stmt"/>
    </file>
    <file name="getNextState.ts" path="C:\Users\Сергей\Desktop\учеба\JS\hw20_game_life2\src\getNextState.ts">
      <metrics statements="8" coveredstatements="7" conditionals="2" coveredconditionals="1" methods="3" coveredmethods="3"/>
      <line num="22" count="8" type="cond" truecount="1" falsecount="1"/>
      <line num="23" count="8" type="stmt"/>
      <line num="24" count="14" type="stmt"/>
      <line num="25" count="26" type="stmt"/>
      <line num="26" count="26" type="stmt"/>
      <line num="27" count="26" type="stmt"/>
      <line num="28" count="26" type="stmt"/>
      <line num="33" count="0" type="stmt"/>
    </file>
    <file name="getNumOfAliveNeighbours.ts" path="C:\Users\Сергей\Desktop\учеба\JS\hw20_game_life2\src\getNumOfAliveNeighbours.ts">
      <metrics statements="8" coveredstatements="8" conditionals="0" coveredconditionals="0" methods="1" coveredmethods="1"/>
      <line num="11" count="44" type="stmt"/>
      <line num="13" count="44" type="stmt"/>
      <line num="14" count="132" type="stmt"/>
      <line num="17" count="44" type="stmt"/>
      <line num="18" count="132" type="stmt"/>
      <line num="21" count="44" type="stmt"/>
      <line num="22" count="44" type="stmt"/>
      <line num="24" count="44" type="stmt"/>
    </file>
    <file name="isAnyoneAlive.ts" path="C:\Users\Сергей\Desktop\учеба\JS\hw20_game_life2\src\isAnyoneAlive.ts">
      <metrics statements="7" coveredstatements="7" conditionals="2" coveredconditionals="2" methods="1" coveredmethods="1"/>
      <line num="7" count="18" type="stmt"/>
      <line num="8" count="18" type="stmt"/>
      <line num="9" count="18" type="stmt"/>
      <line num="10" count="22" type="stmt"/>
      <line num="11" count="22" type="cond" truecount="2" falsecount="0"/>
      <line num="12" count="8" type="stmt"/>
      <line num="16" count="10" type="stmt"/>
    </file>
  </project>
</coverage>
