{
  "C:\\Users\\Сергей\\Desktop\\учеба\\JS\\hw20_game_life2\\src\\getCellState.ts": {
    "path": "C:\\Users\\Сергей\\Desktop\\учеба\\JS\\hw20_game_life2\\src\\getCellState.ts",
    "statementMap": {
      "0": {
        "start": { "line": 12, "column": 14 },
        "end": { "line": 12, "column": 22 }
      },
      "1": {
        "start": { "line": 13, "column": 2 },
        "end": { "line": 15, "column": 3 }
      },
      "2": {
        "start": { "line": 14, "column": 4 },
        "end": { "line": 14, "column": 13 }
      },
      "3": {
        "start": { "line": 16, "column": 15 },
        "end": { "line": 16, "column": 21 }
      },
      "4": {
        "start": { "line": 17, "column": 2 },
        "end": { "line": 19, "column": 3 }
      },
      "5": {
        "start": { "line": 18, "column": 4 },
        "end": { "line": 18, "column": 13 }
      },
      "6": {
        "start": { "line": 20, "column": 2 },
        "end": { "line": 20, "column": 14 }
      }
    },
    "fnMap": {
      "0": {
        "name": "getCellState",
        "decl": {
          "start": { "line": 11, "column": 16 },
          "end": { "line": 11, "column": 28 }
        },
        "loc": {
          "start": { "line": 11, "column": 65 },
          "end": { "line": 21, "column": 1 }
        },
        "line": 11
      }
    },
    "branchMap": {
      "0": {
        "loc": {
          "start": { "line": 13, "column": 2 },
          "end": { "line": 15, "column": 3 }
        },
        "type": "if",
        "locations": [
          {
            "start": { "line": 13, "column": 2 },
            "end": { "line": 15, "column": 3 }
          },
          { "start": {}, "end": {} }
        ],
        "line": 13
      },
      "1": {
        "loc": {
          "start": { "line": 17, "column": 2 },
          "end": { "line": 19, "column": 3 }
        },
        "type": "if",
        "locations": [
          {
            "start": { "line": 17, "column": 2 },
            "end": { "line": 19, "column": 3 }
          },
          { "start": {}, "end": {} }
        ],
        "line": 17
      }
    },
    "s": {
      "0": 444,
      "1": 444,
      "2": 160,
      "3": 284,
      "4": 284,
      "5": 102,
      "6": 182
    },
    "f": { "0": 444 },
    "b": { "0": [160, 284], "1": [102, 182] },
    "_coverageSchema": "1a1c01bbd47fc00a2c39e90264f33305004495a9",
    "hash": "a78774c5b9376082057e31c3a903bef8bb99f098"
  },
  "C:\\Users\\Сергей\\Desktop\\учеба\\JS\\hw20_game_life2\\src\\getNewCellState.ts": {
    "path": "C:\\Users\\Сергей\\Desktop\\учеба\\JS\\hw20_game_life2\\src\\getNewCellState.ts",
    "statementMap": {
      "0": {
        "start": { "line": 2, "column": 2 },
        "end": { "line": 4, "column": 3 }
      },
      "1": {
        "start": { "line": 3, "column": 4 },
        "end": { "line": 3, "column": 13 }
      },
      "2": {
        "start": { "line": 5, "column": 2 },
        "end": { "line": 7, "column": 3 }
      },
      "3": {
        "start": { "line": 6, "column": 4 },
        "end": { "line": 6, "column": 13 }
      },
      "4": {
        "start": { "line": 8, "column": 2 },
        "end": { "line": 10, "column": 3 }
      },
      "5": {
        "start": { "line": 9, "column": 4 },
        "end": { "line": 9, "column": 13 }
      },
      "6": {
        "start": { "line": 11, "column": 2 },
        "end": { "line": 11, "column": 11 }
      }
    },
    "fnMap": {
      "0": {
        "name": "getNewCellState",
        "decl": {
          "start": { "line": 1, "column": 16 },
          "end": { "line": 1, "column": 31 }
        },
        "loc": {
          "start": { "line": 1, "column": 80 },
          "end": { "line": 12, "column": 1 }
        },
        "line": 1
      }
    },
    "branchMap": {
      "0": {
        "loc": {
          "start": { "line": 2, "column": 2 },
          "end": { "line": 4, "column": 3 }
        },
        "type": "if",
        "locations": [
          {
            "start": { "line": 2, "column": 2 },
            "end": { "line": 4, "column": 3 }
          },
          { "start": {}, "end": {} }
        ],
        "line": 2
      },
      "1": {
        "loc": {
          "start": { "line": 5, "column": 2 },
          "end": { "line": 7, "column": 3 }
        },
        "type": "if",
        "locations": [
          {
            "start": { "line": 5, "column": 2 },
            "end": { "line": 7, "column": 3 }
          },
          { "start": {}, "end": {} }
        ],
        "line": 5
      },
      "2": {
        "loc": {
          "start": { "line": 5, "column": 6 },
          "end": { "line": 5, "column": 58 }
        },
        "type": "binary-expr",
        "locations": [
          {
            "start": { "line": 5, "column": 6 },
            "end": { "line": 5, "column": 30 }
          },
          {
            "start": { "line": 5, "column": 34 },
            "end": { "line": 5, "column": 58 }
          }
        ],
        "line": 5
      },
      "3": {
        "loc": {
          "start": { "line": 8, "column": 2 },
          "end": { "line": 10, "column": 3 }
        },
        "type": "if",
        "locations": [
          {
            "start": { "line": 8, "column": 2 },
            "end": { "line": 10, "column": 3 }
          },
          { "start": {}, "end": {} }
        ],
        "line": 8
      },
      "4": {
        "loc": {
          "start": { "line": 8, "column": 6 },
          "end": { "line": 8, "column": 58 }
        },
        "type": "binary-expr",
        "locations": [
          {
            "start": { "line": 8, "column": 6 },
            "end": { "line": 8, "column": 32 }
          },
          {
            "start": { "line": 8, "column": 36 },
            "end": { "line": 8, "column": 58 }
          }
        ],
        "line": 8
      }
    },
    "s": { "0": 44, "1": 11, "2": 33, "3": 28, "4": 5, "5": 4, "6": 1 },
    "f": { "0": 44 },
    "b": {
      "0": [11, 33],
      "1": [28, 5],
      "2": [33, 19],
      "3": [4, 1],
      "4": [5, 5]
    },
    "_coverageSchema": "1a1c01bbd47fc00a2c39e90264f33305004495a9",
    "hash": "712bf1ccd731771f02bd01965ad1da4fd747b29d"
  },
  "C:\\Users\\Сергей\\Desktop\\учеба\\JS\\hw20_game_life2\\src\\getNextState.ts": {
    "path": "C:\\Users\\Сергей\\Desktop\\учеба\\JS\\hw20_game_life2\\src\\getNextState.ts",
    "statementMap": {
      "0": {
        "start": { "line": 22, "column": 2 },
        "end": { "line": 34, "column": 3 }
      },
      "1": {
        "start": { "line": 23, "column": 4 },
        "end": { "line": 30, "column": 6 }
      },
      "2": {
        "start": { "line": 24, "column": 6 },
        "end": { "line": 29, "column": 8 }
      },
      "3": {
        "start": { "line": 25, "column": 19 },
        "end": { "line": 25, "column": 70 }
      },
      "4": {
        "start": { "line": 26, "column": 29 },
        "end": { "line": 26, "column": 69 }
      },
      "5": {
        "start": { "line": 27, "column": 25 },
        "end": { "line": 27, "column": 58 }
      },
      "6": {
        "start": { "line": 28, "column": 8 },
        "end": { "line": 28, "column": 24 }
      },
      "7": {
        "start": { "line": 33, "column": 4 },
        "end": { "line": 33, "column": 14 }
      }
    },
    "fnMap": {
      "0": {
        "name": "getNextState",
        "decl": {
          "start": { "line": 10, "column": 16 },
          "end": { "line": 10, "column": 28 }
        },
        "loc": {
          "start": { "line": 10, "column": 44 },
          "end": { "line": 35, "column": 1 }
        },
        "line": 10
      },
      "1": {
        "name": "(anonymous_1)",
        "decl": {
          "start": { "line": 23, "column": 21 },
          "end": { "line": 23, "column": 22 }
        },
        "loc": {
          "start": { "line": 24, "column": 6 },
          "end": { "line": 29, "column": 8 }
        },
        "line": 24
      },
      "2": {
        "name": "(anonymous_2)",
        "decl": {
          "start": { "line": 24, "column": 14 },
          "end": { "line": 24, "column": 15 }
        },
        "loc": {
          "start": { "line": 24, "column": 43 },
          "end": { "line": 29, "column": 7 }
        },
        "line": 24
      }
    },
    "branchMap": {
      "0": {
        "loc": {
          "start": { "line": 22, "column": 2 },
          "end": { "line": 34, "column": 3 }
        },
        "type": "if",
        "locations": [
          {
            "start": { "line": 22, "column": 2 },
            "end": { "line": 34, "column": 3 }
          },
          {
            "start": { "line": 31, "column": 9 },
            "end": { "line": 34, "column": 3 }
          }
        ],
        "line": 22
      }
    },
    "s": {
      "0": 8,
      "1": 8,
      "2": 14,
      "3": 26,
      "4": 26,
      "5": 26,
      "6": 26,
      "7": 0
    },
    "f": { "0": 8, "1": 14, "2": 26 },
    "b": { "0": [8, 0] },
    "_coverageSchema": "1a1c01bbd47fc00a2c39e90264f33305004495a9",
    "hash": "5a7fc55f0d5579ac6fccaffdc44c99f8f2fff16b"
  },
  "C:\\Users\\Сергей\\Desktop\\учеба\\JS\\hw20_game_life2\\src\\getNumOfAliveNeighbours.ts": {
    "path": "C:\\Users\\Сергей\\Desktop\\учеба\\JS\\hw20_game_life2\\src\\getNumOfAliveNeighbours.ts",
    "statementMap": {
      "0": {
        "start": { "line": 11, "column": 19 },
        "end": { "line": 11, "column": 20 }
      },
      "1": {
        "start": { "line": 13, "column": 2 },
        "end": { "line": 15, "column": 3 }
      },
      "2": {
        "start": { "line": 13, "column": 15 },
        "end": { "line": 13, "column": 25 }
      },
      "3": {
        "start": { "line": 14, "column": 4 },
        "end": { "line": 14, "column": 58 }
      },
      "4": {
        "start": { "line": 17, "column": 2 },
        "end": { "line": 19, "column": 3 }
      },
      "5": {
        "start": { "line": 17, "column": 15 },
        "end": { "line": 17, "column": 25 }
      },
      "6": {
        "start": { "line": 18, "column": 4 },
        "end": { "line": 18, "column": 58 }
      },
      "7": {
        "start": { "line": 21, "column": 2 },
        "end": { "line": 21, "column": 61 }
      },
      "8": {
        "start": { "line": 22, "column": 2 },
        "end": { "line": 22, "column": 61 }
      },
      "9": {
        "start": { "line": 24, "column": 2 },
        "end": { "line": 24, "column": 20 }
      }
    },
    "fnMap": {
      "0": {
        "name": "getNumOfAliveNeighbours",
        "decl": {
          "start": { "line": 10, "column": 16 },
          "end": { "line": 10, "column": 39 }
        },
        "loc": {
          "start": { "line": 10, "column": 72 },
          "end": { "line": 25, "column": 1 }
        },
        "line": 10
      }
    },
    "branchMap": {},
    "s": {
      "0": 44,
      "1": 44,
      "2": 44,
      "3": 132,
      "4": 44,
      "5": 44,
      "6": 132,
      "7": 44,
      "8": 44,
      "9": 44
    },
    "f": { "0": 44 },
    "b": {},
    "_coverageSchema": "1a1c01bbd47fc00a2c39e90264f33305004495a9",
    "hash": "8b40e66abe5ee7312f9f89d70dd75d78d5fe4fb3"
  },
  "C:\\Users\\Сергей\\Desktop\\учеба\\JS\\hw20_game_life2\\src\\isAnyoneAlive.ts": {
    "path": "C:\\Users\\Сергей\\Desktop\\учеба\\JS\\hw20_game_life2\\src\\isAnyoneAlive.ts",
    "statementMap": {
      "0": {
        "start": { "line": 7, "column": 2 },
        "end": { "line": 15, "column": 3 }
      },
      "1": {
        "start": { "line": 7, "column": 15 },
        "end": { "line": 7, "column": 16 }
      },
      "2": {
        "start": { "line": 8, "column": 16 },
        "end": { "line": 8, "column": 24 }
      },
      "3": {
        "start": { "line": 9, "column": 4 },
        "end": { "line": 14, "column": 5 }
      },
      "4": {
        "start": { "line": 9, "column": 17 },
        "end": { "line": 9, "column": 18 }
      },
      "5": {
        "start": { "line": 10, "column": 19 },
        "end": { "line": 10, "column": 25 }
      },
      "6": {
        "start": { "line": 11, "column": 6 },
        "end": { "line": 13, "column": 7 }
      },
      "7": {
        "start": { "line": 12, "column": 8 },
        "end": { "line": 12, "column": 20 }
      },
      "8": {
        "start": { "line": 16, "column": 2 },
        "end": { "line": 16, "column": 15 }
      }
    },
    "fnMap": {
      "0": {
        "name": "isAnyoneAlive",
        "decl": {
          "start": { "line": 6, "column": 16 },
          "end": { "line": 6, "column": 29 }
        },
        "loc": {
          "start": { "line": 6, "column": 41 },
          "end": { "line": 17, "column": 1 }
        },
        "line": 6
      }
    },
    "branchMap": {
      "0": {
        "loc": {
          "start": { "line": 11, "column": 6 },
          "end": { "line": 13, "column": 7 }
        },
        "type": "if",
        "locations": [
          {
            "start": { "line": 11, "column": 6 },
            "end": { "line": 13, "column": 7 }
          },
          { "start": {}, "end": {} }
        ],
        "line": 11
      }
    },
    "s": {
      "0": 18,
      "1": 18,
      "2": 18,
      "3": 18,
      "4": 18,
      "5": 22,
      "6": 22,
      "7": 8,
      "8": 10
    },
    "f": { "0": 18 },
    "b": { "0": [8, 14] },
    "_coverageSchema": "1a1c01bbd47fc00a2c39e90264f33305004495a9",
    "hash": "29ff7e633968b483fc137ac69125cd092baa68a9"
  }
}
