TN:
SF:src\getCellState.ts
FN:11,getCellState
FNF:1
FNH:1
FNDA:444,getCellState
DA:12,444
DA:13,444
DA:14,160
DA:16,284
DA:17,284
DA:18,102
DA:20,182
LF:7
LH:7
BRDA:13,0,0,160
BRDA:13,0,1,284
BRDA:17,1,0,102
BRDA:17,1,1,182
BRF:4
BRH:4
end_of_record
TN:
SF:src\getNewCellState.ts
FN:1,getNewCellState
FNF:1
FNH:1
FNDA:44,getNewCellState
DA:2,44
DA:3,11
DA:5,33
DA:6,28
DA:8,5
DA:9,4
DA:11,1
LF:7
LH:7
BRDA:2,0,0,11
BRDA:2,0,1,33
BRDA:5,1,0,28
BRDA:5,1,1,5
BRDA:5,2,0,33
BRDA:5,2,1,19
BRDA:8,3,0,4
BRDA:8,3,1,1
BRDA:8,4,0,5
BRDA:8,4,1,5
BRF:10
BRH:10
end_of_record
TN:
SF:src\getNextState.ts
FN:10,getNextState
FN:23,(anonymous_1)
FN:24,(anonymous_2)
FNF:3
FNH:3
FNDA:8,getNextState
FNDA:14,(anonymous_1)
FNDA:26,(anonymous_2)
DA:22,8
DA:23,8
DA:24,14
DA:25,26
DA:26,26
DA:27,26
DA:28,26
DA:33,0
LF:8
LH:7
BRDA:22,0,0,8
BRDA:22,0,1,0
BRF:2
BRH:1
end_of_record
TN:
SF:src\getNumOfAliveNeighbours.ts
FN:10,getNumOfAliveNeighbours
FNF:1
FNH:1
FNDA:44,getNumOfAliveNeighbours
DA:11,44
DA:13,44
DA:14,132
DA:17,44
DA:18,132
DA:21,44
DA:22,44
DA:24,44
LF:8
LH:8
BRF:0
BRH:0
end_of_record
TN:
SF:src\isAnyoneAlive.ts
FN:6,isAnyoneAlive
FNF:1
FNH:1
FNDA:18,isAnyoneAlive
DA:7,18
DA:8,18
DA:9,18
DA:10,22
DA:11,22
DA:12,8
DA:16,10
LF:7
LH:7
BRDA:11,0,0,8
BRDA:11,0,1,14
BRF:2
BRH:2
end_of_record
